<?xml version="1.0" encoding="UTF-8"?>
<!-- Generated by org.testng.reporters.JUnitXMLReporter -->
<testsuite ignored="0" hostname="instance-1" failures="0" tests="4" name="Default test" time="22.946" errors="0" timestamp="18 Jun 2022 23:24:18 GMT">
  <testcase classname="com.projectname_qa.testcases.InboxPageTest" name="inboxPageTitleTest" time="0.03"/>
  <testcase classname="com.projectname_qa.testcases.InboxPageTest" name="inboxPageHiTest" time="0.081"/>
  <testcase classname="com.projectname_qa.testcases.InboxPageTest" name="trashCleanupTest" time="7.673"/>
  <testcase classname="com.projectname_qa.testcases.InboxPageTest" name="logoutTest" time="2.242"/>
</testsuite> <!-- Default test -->
