<?xml version="1.0" encoding="UTF-8"?>
<!-- Generated by org.testng.reporters.JUnitXMLReporter -->
<testsuite ignored="0" hostname="instance-1" failures="0" tests="4" name=" Inbox Test" time="21.784" errors="0" timestamp="18 Jun 2022 23:25:34 GMT">
  <testcase classname="com.projectname_qa.testcases.InboxPageTest" name="inboxPageTitleTest" time="0.008"/>
  <testcase classname="com.projectname_qa.testcases.InboxPageTest" name="inboxPageHiTest" time="0.043"/>
  <testcase classname="com.projectname_qa.testcases.InboxPageTest" name="trashCleanupTest" time="8.727"/>
  <testcase classname="com.projectname_qa.testcases.InboxPageTest" name="logoutTest" time="3.153"/>
</testsuite> <!--  Inbox Test -->
