<?xml version="1.0" encoding="UTF-8"?>
<!-- Generated by org.testng.reporters.JUnitXMLReporter -->
<testsuite ignored="0" hostname="instance-1" failures="0" tests="4" name=" Login Test" time="0.03" errors="0" timestamp="16 Jun 2022 05:12:24 GMT">
  <testcase classname="com.projectname_qa.testcases.InboxPageTest" name="@BeforeSuite setup" time="0.001">
    <failure type="java.lang.Error" message="Unresolved compilation problem: 
	Syntax error, insert &amp;quot;;&amp;quot; to complete Statement
">
      <![CDATA[java.lang.Error: Unresolved compilation problem: 
Syntax error, insert ";" to complete Statement

at com.projectname_qa.testcases.InboxPageTest.setup(InboxPageTest.java:30)
... Removed 18 stack frames]]>
    </failure>
  </testcase> <!-- @BeforeSuite setup -->
  <testcase classname="com.projectname_qa.testcases.LoginPageTest" name="loginPageTitleTest" time="0.0">
    <skipped/>
  </testcase> <!-- loginPageTitleTest -->
  <testcase classname="com.projectname_qa.testcases.LoginPageTest" name="loginPageCurrentURLTest" time="0.0">
    <skipped/>
  </testcase> <!-- loginPageCurrentURLTest -->
  <testcase classname="com.projectname_qa.testcases.LoginPageTest" name="loginPageLogoImageTest" time="0.0">
    <skipped/>
  </testcase> <!-- loginPageLogoImageTest -->
  <testcase classname="com.projectname_qa.testcases.LoginPageTest" name="loginDetailsTest" time="0.0">
    <skipped/>
  </testcase> <!-- loginDetailsTest -->
</testsuite> <!--  Login Test -->
