<?xml version="1.0" encoding="UTF-8"?>
<!-- Generated by org.testng.reporters.JUnitXMLReporter -->
<testsuite ignored="0" hostname="instance-1" failures="0" tests="4" name=" Login Test" time="25.124" errors="0" timestamp="18 Jun 2022 23:25:12 GMT">
  <testcase classname="com.projectname_qa.testcases.LoginPageTest" name="loginPageTitleTest" time="0.015"/>
  <testcase classname="com.projectname_qa.testcases.LoginPageTest" name="loginPageCurrentURLTest" time="0.013"/>
  <testcase classname="com.projectname_qa.testcases.LoginPageTest" name="loginPageLogoImageTest" time="0.072"/>
  <testcase classname="com.projectname_qa.testcases.LoginPageTest" name="loginDetailsTest" time="4.286"/>
</testsuite> <!--  Login Test -->
