<?xml version="1.0" encoding="UTF-8"?>
<testng-results ignored="0" total="8" passed="8" failed="0" skipped="0">
  <reporter-output>
  </reporter-output>
  <suite started-at="2022-06-18T23:24:47Z" name="Suite" finished-at="2022-06-18T23:25:34Z" duration-ms="46928">
    <groups>
    </groups>
    <test started-at="2022-06-18T23:24:47Z" name=" Login Test" finished-at="2022-06-18T23:25:12Z" duration-ms="25124">
      <class name="com.projectname_qa.testcases.LoginPageTest">
        <test-method is-config="true" signature="setup()[pri:0, instance:com.projectname_qa.testcases.LoginPageTest@20ca951f]" started-at="2022-06-18T23:24:47Z" name="setup" finished-at="2022-06-18T23:24:53Z" duration-ms="5513" status="PASS">
          <reporter-output>
          </reporter-output>
        </test-method> <!-- setup -->
        <test-method signature="loginPageTitleTest()[pri:1, instance:com.projectname_qa.testcases.LoginPageTest@20ca951f]" started-at="2022-06-18T23:24:53Z" name="loginPageTitleTest" finished-at="2022-06-18T23:24:53Z" duration-ms="15" status="PASS">
          <reporter-output>
          </reporter-output>
        </test-method> <!-- loginPageTitleTest -->
        <test-method is-config="true" signature="tearDown()[pri:0, instance:com.projectname_qa.testcases.LoginPageTest@20ca951f]" started-at="2022-06-18T23:24:53Z" name="tearDown" finished-at="2022-06-18T23:24:54Z" duration-ms="795" status="PASS">
          <reporter-output>
          </reporter-output>
        </test-method> <!-- tearDown -->
        <test-method is-config="true" signature="setup()[pri:0, instance:com.projectname_qa.testcases.LoginPageTest@20ca951f]" started-at="2022-06-18T23:24:54Z" name="setup" finished-at="2022-06-18T23:24:58Z" duration-ms="4576" status="PASS">
          <reporter-output>
          </reporter-output>
        </test-method> <!-- setup -->
        <test-method signature="loginPageCurrentURLTest()[pri:2, instance:com.projectname_qa.testcases.LoginPageTest@20ca951f]" started-at="2022-06-18T23:24:58Z" name="loginPageCurrentURLTest" finished-at="2022-06-18T23:24:58Z" duration-ms="13" status="PASS">
          <reporter-output>
          </reporter-output>
        </test-method> <!-- loginPageCurrentURLTest -->
        <test-method is-config="true" signature="tearDown()[pri:0, instance:com.projectname_qa.testcases.LoginPageTest@20ca951f]" started-at="2022-06-18T23:24:58Z" name="tearDown" finished-at="2022-06-18T23:24:58Z" duration-ms="209" status="PASS">
          <reporter-output>
          </reporter-output>
        </test-method> <!-- tearDown -->
        <test-method is-config="true" signature="setup()[pri:0, instance:com.projectname_qa.testcases.LoginPageTest@20ca951f]" started-at="2022-06-18T23:24:58Z" name="setup" finished-at="2022-06-18T23:25:03Z" duration-ms="4516" status="PASS">
          <reporter-output>
          </reporter-output>
        </test-method> <!-- setup -->
        <test-method signature="loginPageLogoImageTest()[pri:3, instance:com.projectname_qa.testcases.LoginPageTest@20ca951f]" started-at="2022-06-18T23:25:03Z" name="loginPageLogoImageTest" finished-at="2022-06-18T23:25:03Z" duration-ms="72" status="PASS">
          <reporter-output>
          </reporter-output>
        </test-method> <!-- loginPageLogoImageTest -->
        <test-method is-config="true" signature="tearDown()[pri:0, instance:com.projectname_qa.testcases.LoginPageTest@20ca951f]" started-at="2022-06-18T23:25:03Z" name="tearDown" finished-at="2022-06-18T23:25:03Z" duration-ms="256" status="PASS">
          <reporter-output>
          </reporter-output>
        </test-method> <!-- tearDown -->
        <test-method is-config="true" signature="setup()[pri:0, instance:com.projectname_qa.testcases.LoginPageTest@20ca951f]" started-at="2022-06-18T23:25:03Z" name="setup" finished-at="2022-06-18T23:25:08Z" duration-ms="4587" status="PASS">
          <reporter-output>
          </reporter-output>
        </test-method> <!-- setup -->
        <test-method signature="loginDetailsTest()[pri:4, instance:com.projectname_qa.testcases.LoginPageTest@20ca951f]" started-at="2022-06-18T23:25:08Z" name="loginDetailsTest" finished-at="2022-06-18T23:25:12Z" duration-ms="4286" status="PASS">
          <reporter-output>
          </reporter-output>
        </test-method> <!-- loginDetailsTest -->
        <test-method is-config="true" signature="tearDown()[pri:0, instance:com.projectname_qa.testcases.LoginPageTest@20ca951f]" started-at="2022-06-18T23:25:12Z" name="tearDown" finished-at="2022-06-18T23:25:12Z" duration-ms="245" status="PASS">
          <reporter-output>
          </reporter-output>
        </test-method> <!-- tearDown -->
      </class> <!-- com.projectname_qa.testcases.LoginPageTest -->
    </test> <!--  Login Test -->
    <test started-at="2022-06-18T23:25:12Z" name=" Inbox Test" finished-at="2022-06-18T23:25:34Z" duration-ms="21784">
      <class name="com.projectname_qa.testcases.InboxPageTest">
        <test-method is-config="true" signature="setup()[pri:0, instance:com.projectname_qa.testcases.InboxPageTest@7d446ed1]" started-at="2022-06-18T23:25:12Z" name="setup" finished-at="2022-06-18T23:25:22Z" duration-ms="9502" status="PASS">
          <reporter-output>
          </reporter-output>
        </test-method> <!-- setup -->
        <test-method signature="inboxPageTitleTest()[pri:1, instance:com.projectname_qa.testcases.InboxPageTest@7d446ed1]" started-at="2022-06-18T23:25:22Z" name="inboxPageTitleTest" finished-at="2022-06-18T23:25:22Z" duration-ms="8" status="PASS">
          <reporter-output>
          </reporter-output>
        </test-method> <!-- inboxPageTitleTest -->
        <test-method signature="inboxPageHiTest()[pri:2, instance:com.projectname_qa.testcases.InboxPageTest@7d446ed1]" started-at="2022-06-18T23:25:22Z" name="inboxPageHiTest" finished-at="2022-06-18T23:25:22Z" duration-ms="43" status="PASS">
          <reporter-output>
          </reporter-output>
        </test-method> <!-- inboxPageHiTest -->
        <test-method signature="trashCleanupTest()[pri:3, instance:com.projectname_qa.testcases.InboxPageTest@7d446ed1]" started-at="2022-06-18T23:25:22Z" name="trashCleanupTest" finished-at="2022-06-18T23:25:31Z" duration-ms="8727" status="PASS">
          <reporter-output>
          </reporter-output>
        </test-method> <!-- trashCleanupTest -->
        <test-method signature="logoutTest()[pri:4, instance:com.projectname_qa.testcases.InboxPageTest@7d446ed1]" started-at="2022-06-18T23:25:31Z" name="logoutTest" finished-at="2022-06-18T23:25:34Z" duration-ms="3153" status="PASS">
          <reporter-output>
          </reporter-output>
        </test-method> <!-- logoutTest -->
        <test-method is-config="true" signature="tearDown()[pri:0, instance:com.projectname_qa.testcases.InboxPageTest@7d446ed1]" started-at="2022-06-18T23:25:34Z" name="tearDown" finished-at="2022-06-18T23:25:34Z" duration-ms="340" status="PASS">
          <reporter-output>
          </reporter-output>
        </test-method> <!-- tearDown -->
      </class> <!-- com.projectname_qa.testcases.InboxPageTest -->
    </test> <!--  Inbox Test -->
  </suite> <!-- Suite -->
</testng-results>
